Started by user anonymous
Checkout:workspace / /code/performance-plugin/work/jobs/performance-test/workspace - hudson.remoting.LocalChannel@42d32028
Using strategy: Default
Checkout:workspace / /code/performance-plugin/work/jobs/performance-test/workspace - hudson.remoting.LocalChannel@42d32028
Cloning the remote Git repository
Cloning repository origin
Fetching upstream changes from git@bitbucket.org:trnl/performance-test.git
Commencing build of Revision bd36cf7324854471458513b74954129bf01eacbf (origin/master)
Checking out Revision bd36cf7324854471458513b74954129bf01eacbf (origin/master)
No change to record in branch origin/master
Parsing POMs
ERROR: Failed to parse POMs
[8mha:AAAAWB+LCAAAAAAAAABb85aBtbiIQSmjNKU4P08vOT+vOD8nVc8DzHWtSE4tKMnMz/PLL0ldFVf2c+b/lb5MDAwVRQxSaBqcITRIIQMEMIIUFgAAckCEiWAAAAA=[0morg.apache.maven.embedder.MavenEmbedderException: Cannot lookup required component.
	at hudson.maven.MavenEmbedder.start(MavenEmbedder.java:731)
	at hudson.maven.MavenUtil.createEmbedder(MavenUtil.java:181)
	at hudson.maven.MavenModuleSetBuild$PomParser.invoke(MavenModuleSetBuild.java:965)
	at hudson.maven.MavenModuleSetBuild$PomParser.invoke(MavenModuleSetBuild.java:859)
	at hudson.FilePath.act(FilePath.java:753)
	at hudson.FilePath.act(FilePath.java:735)
	at hudson.maven.MavenModuleSetBuild$RunnerImpl.parsePoms(MavenModuleSetBuild.java:587)
	at hudson.maven.MavenModuleSetBuild$RunnerImpl.doRun(MavenModuleSetBuild.java:464)
	at hudson.model.AbstractBuild$AbstractRunner.run(AbstractBuild.java:417)
	at hudson.model.Run.run(Run.java:1339)
	at hudson.maven.MavenModuleSetBuild.run(MavenModuleSetBuild.java:349)
	at hudson.model.ResourceController.execute(ResourceController.java:88)
	at hudson.model.Executor.run(Executor.java:140)
Caused by: org.codehaus.plexus.component.repository.exception.ComponentLookupException: Component descriptor cannot be found in the component repository: org.apache.maven.project.MavenProjectBuilder.
	at org.codehaus.plexus.DefaultPlexusContainer.lookup(DefaultPlexusContainer.java:323)
	at org.codehaus.plexus.embed.Embedder.lookup(Embedder.java:78)
	at hudson.maven.MavenEmbedder.start(MavenEmbedder.java:695)
	... 12 more
Performance: No threshold configured for making the test unstable
Performance: No threshold configured for making the test failure
Performance: Recording JUnit reports '**/TEST-*.xml'
Finished: FAILURE
